<?xml version="1.0" encoding="UTF-8"?>
<testsuite name="gov.mosje.sih26095.ScoringTest" tests="5" skipped="0" failures="0" errors="0" timestamp="2026-09-12T06:09:20" hostname="Himanshus-MacBook-Air-2.local" time="0.002">
  <properties/>
  <testcase name="testScoreJsonSerialization" classname="gov.mosje.sih26095.ScoringTest" time="0.001"/>
  <testcase name="testGradeDCritical" classname="gov.mosje.sih26095.ScoringTest" time="0.0"/>
  <testcase name="testScoreCalculationAndGradeA" classname="gov.mosje.sih26095.ScoringTest" time="0.0"/>
  <testcase name="testGradeB" classname="gov.mosje.sih26095.ScoringTest" time="0.001"/>
  <testcase name="testGradeC" classname="gov.mosje.sih26095.ScoringTest" time="0.0"/>
  <system-out><![CDATA[]]></system-out>
  <system-err><![CDATA[]]></system-err>
</testsuite>
